{
  "stats": {
    "suites": 1,
    "tests": 3,
    "passes": 3,
    "pending": 0,
    "failures": 0,
    "start": "2024-02-19T09:51:36.050Z",
    "end": "2024-02-19T09:51:36.796Z",
    "duration": 746,
    "testsRegistered": 3,
    "passPercent": 100,
    "pendingPercent": 0,
    "other": 0,
    "hasOther": false,
    "skipped": 0,
    "hasSkipped": false
  },
  "results": [
    {
      "uuid": "0706cb32-6415-4283-ab68-49c80e650506",
      "title": "",
      "fullFile": "/Users/latief/Documents/chai again/kasiraja/api.js",
      "file": "/api.js",
      "beforeHooks": [],
      "afterHooks": [],
      "tests": [],
      "suites": [
        {
          "uuid": "46a6f56b-60d7-4fa2-b346-9d1c85a629bc",
          "title": "API Test",
          "fullFile": "/Users/latief/Documents/chai again/kasiraja/api.js",
          "file": "/api.js",
          "beforeHooks": [],
          "afterHooks": [],
          "tests": [
            {
              "title": "Check the Endpoint (Success/200)",
              "fullTitle": "API Test Check the Endpoint (Success/200)",
              "timedOut": false,
              "duration": 176,
              "state": "passed",
              "speed": "slow",
              "pass": true,
              "fail": false,
              "pending": false,
              "context": null,
              "code": "const response = await fetch(`${url}`);\nconst output = await response.json();\n//console.log('Response :', output);\nexpect(response.status).to.equal(200);\nexpect(output.data).to.have.property('status');\nexpect(output.data).to.have.property('name');\nexpect(output.data).to.have.property('version');",
              "err": {},
              "uuid": "ab663f53-a664-4fce-8512-1d4925ec31cd",
              "parentUUID": "46a6f56b-60d7-4fa2-b346-9d1c85a629bc",
              "isHook": false,
              "skipped": false
            },
            {
              "title": "Check the Endpoint (Fail/404)",
              "fullTitle": "API Test Check the Endpoint (Fail/404)",
              "timedOut": false,
              "duration": 36,
              "state": "passed",
              "speed": "fast",
              "pass": true,
              "fail": false,
              "pending": false,
              "context": null,
              "code": "const response = await fetch(`${url}/1`);\nconst output = await response.json();\n//console.log('Response: ', output);\nexpect(response.status).to.equal(404);",
              "err": {},
              "uuid": "feaaf1c6-1362-4423-9be0-684dae4930f9",
              "parentUUID": "46a6f56b-60d7-4fa2-b346-9d1c85a629bc",
              "isHook": false,
              "skipped": false
            },
            {
              "title": "Register New Member (Post)",
              "fullTitle": "API Test Register New Member (Post)",
              "timedOut": false,
              "duration": 529,
              "state": "passed",
              "speed": "slow",
              "pass": true,
              "fail": false,
              "pending": false,
              "context": null,
              "code": "const response = await fetch(`${url}/registration`, {\n    method: 'POST',\n    headers: postRequestHeader,\n    body: JSON.stringify(registrationRequestBody),\n});\nconst output = await response.json();\n//console.log('Response :', output);\n// Add assertions for the registration response\nexpect(response.status).to.equal(201);\nexpect(output).to.have.property('status');\nexpect(output).to.have.property('message');\nexpect(output.data).to.have.property('name');\nexpect(output.data).to.have.property('email')",
              "err": {},
              "uuid": "41b2f92d-1fd7-47f3-b9eb-2f3a50b6ef39",
              "parentUUID": "46a6f56b-60d7-4fa2-b346-9d1c85a629bc",
              "isHook": false,
              "skipped": false
            }
          ],
          "suites": [],
          "passes": [
            "ab663f53-a664-4fce-8512-1d4925ec31cd",
            "feaaf1c6-1362-4423-9be0-684dae4930f9",
            "41b2f92d-1fd7-47f3-b9eb-2f3a50b6ef39"
          ],
          "failures": [],
          "pending": [],
          "skipped": [],
          "duration": 741,
          "root": false,
          "rootEmpty": false,
          "_timeout": 2000
        }
      ],
      "passes": [],
      "failures": [],
      "pending": [],
      "skipped": [],
      "duration": 0,
      "root": true,
      "rootEmpty": true,
      "_timeout": 2000
    }
  ],
  "meta": {
    "mocha": {
      "version": "10.3.0"
    },
    "mochawesome": {
      "options": {
        "quiet": false,
        "reportFilename": "mochawesome",
        "saveHtml": true,
        "saveJson": true,
        "consoleReporter": "spec",
        "useInlineDiffs": false,
        "code": true
      },
      "version": "7.1.3"
    },
    "marge": {
      "options": null,
      "version": "6.2.0"
    }
  }
}