{
  "stats": {
    "suites": 1,
    "tests": 3,
    "passes": 3,
    "pending": 0,
    "failures": 0,
    "start": "2024-02-23T10:42:10.163Z",
    "end": "2024-02-23T10:42:10.798Z",
    "duration": 635,
    "testsRegistered": 3,
    "passPercent": 100,
    "pendingPercent": 0,
    "other": 0,
    "hasOther": false,
    "skipped": 0,
    "hasSkipped": false
  },
  "results": [
    {
      "uuid": "4a0bb68d-9744-4b2d-8360-4c362601f702",
      "title": "",
      "fullFile": "/Users/latief/Documents/chai again/kasiraja/api.js",
      "file": "/kasiraja/api.js",
      "beforeHooks": [],
      "afterHooks": [],
      "tests": [],
      "suites": [
        {
          "uuid": "788a1023-c10f-4051-b76c-864a5cd04616",
          "title": "API Test",
          "fullFile": "/Users/latief/Documents/chai again/kasiraja/api.js",
          "file": "/kasiraja/api.js",
          "beforeHooks": [],
          "afterHooks": [],
          "tests": [
            {
              "title": "Check the Endpoint (Success/200)",
              "fullTitle": "API Test Check the Endpoint (Success/200)",
              "timedOut": false,
              "duration": 197,
              "state": "passed",
              "speed": "slow",
              "pass": true,
              "fail": false,
              "pending": false,
              "context": null,
              "code": "const response = await fetch(`${url}`);\nconst output = await response.json();\n//console.log('Response :', output);\nexpect(response.status).to.equal(200);\nexpect(output.data).to.have.property('status');\nexpect(output.data).to.have.property('name');\nexpect(output.data).to.have.property('version');",
              "err": {},
              "uuid": "d765a713-20b4-4e13-b6b3-960503d44f76",
              "parentUUID": "788a1023-c10f-4051-b76c-864a5cd04616",
              "isHook": false,
              "skipped": false
            },
            {
              "title": "Check the Endpoint (Fail/404)",
              "fullTitle": "API Test Check the Endpoint (Fail/404)",
              "timedOut": false,
              "duration": 54,
              "state": "passed",
              "speed": "medium",
              "pass": true,
              "fail": false,
              "pending": false,
              "context": null,
              "code": "const response = await fetch(`${url}/1`);\nconst output = await response.json();\n//console.log('Response: ', output);\nexpect(response.status).to.equal(404);",
              "err": {},
              "uuid": "83fd66f9-e9ec-4958-ad7d-afe30c189c30",
              "parentUUID": "788a1023-c10f-4051-b76c-864a5cd04616",
              "isHook": false,
              "skipped": false
            },
            {
              "title": "Register New Member (Post)",
              "fullTitle": "API Test Register New Member (Post)",
              "timedOut": false,
              "duration": 380,
              "state": "passed",
              "speed": "slow",
              "pass": true,
              "fail": false,
              "pending": false,
              "context": null,
              "code": "const response = await fetch(`${url}/registration`, {\n    method: 'POST',\n    headers: postRequestHeader,\n    body: JSON.stringify(registrationRequestBody),\n});\nconst output = await response.json();\n//console.log('Response :', output);\nexpect(response.status).to.equal(201);\nexpect(output).to.have.property('status');\nexpect(output).to.have.property('message');\nexpect(output.data).to.have.property('name');\nexpect(output.data).to.have.property('email')",
              "err": {},
              "uuid": "f3975ee7-0512-4471-89e1-e9a46a3c0899",
              "parentUUID": "788a1023-c10f-4051-b76c-864a5cd04616",
              "isHook": false,
              "skipped": false
            }
          ],
          "suites": [],
          "passes": [
            "d765a713-20b4-4e13-b6b3-960503d44f76",
            "83fd66f9-e9ec-4958-ad7d-afe30c189c30",
            "f3975ee7-0512-4471-89e1-e9a46a3c0899"
          ],
          "failures": [],
          "pending": [],
          "skipped": [],
          "duration": 631,
          "root": false,
          "rootEmpty": false,
          "_timeout": 2000
        }
      ],
      "passes": [],
      "failures": [],
      "pending": [],
      "skipped": [],
      "duration": 0,
      "root": true,
      "rootEmpty": true,
      "_timeout": 2000
    }
  ],
  "meta": {
    "mocha": {
      "version": "10.3.0"
    },
    "mochawesome": {
      "options": {
        "quiet": false,
        "reportFilename": "mochawesome",
        "saveHtml": true,
        "saveJson": true,
        "consoleReporter": "spec",
        "useInlineDiffs": false,
        "code": true
      },
      "version": "7.1.3"
    },
    "marge": {
      "options": null,
      "version": "6.2.0"
    }
  }
}