{
  "stats": {
    "suites": 1,
    "tests": 3,
    "passes": 3,
    "pending": 0,
    "failures": 0,
    "start": "2024-02-20T07:29:45.561Z",
    "end": "2024-02-20T07:29:46.151Z",
    "duration": 590,
    "testsRegistered": 3,
    "passPercent": 100,
    "pendingPercent": 0,
    "other": 0,
    "hasOther": false,
    "skipped": 0,
    "hasSkipped": false
  },
  "results": [
    {
      "uuid": "7a4fc9ae-3c9a-4dc9-bc6d-21aa4a454578",
      "title": "",
      "fullFile": "/Users/latief/Documents/chai again/kasiraja/api.js",
      "file": "/kasiraja/api.js",
      "beforeHooks": [],
      "afterHooks": [],
      "tests": [],
      "suites": [
        {
          "uuid": "2f8d16e8-d882-46c0-9147-d70c5aae5c64",
          "title": "API Test",
          "fullFile": "/Users/latief/Documents/chai again/kasiraja/api.js",
          "file": "/kasiraja/api.js",
          "beforeHooks": [],
          "afterHooks": [],
          "tests": [
            {
              "title": "Check the Endpoint (Success/200)",
              "fullTitle": "API Test Check the Endpoint (Success/200)",
              "timedOut": false,
              "duration": 165,
              "state": "passed",
              "speed": "slow",
              "pass": true,
              "fail": false,
              "pending": false,
              "context": null,
              "code": "const response = await fetch(`${url}`);\nconst output = await response.json();\n//console.log('Response :', output);\nexpect(response.status).to.equal(200);\nexpect(output.data).to.have.property('status');\nexpect(output.data).to.have.property('name');\nexpect(output.data).to.have.property('version');",
              "err": {},
              "uuid": "ad417702-c086-40b0-b53d-1eaf3137b653",
              "parentUUID": "2f8d16e8-d882-46c0-9147-d70c5aae5c64",
              "isHook": false,
              "skipped": false
            },
            {
              "title": "Check the Endpoint (Fail/404)",
              "fullTitle": "API Test Check the Endpoint (Fail/404)",
              "timedOut": false,
              "duration": 42,
              "state": "passed",
              "speed": "medium",
              "pass": true,
              "fail": false,
              "pending": false,
              "context": null,
              "code": "const response = await fetch(`${url}/1`);\nconst output = await response.json();\n//console.log('Response: ', output);\nexpect(response.status).to.equal(404);",
              "err": {},
              "uuid": "35269116-a080-4030-b32a-5912c9c4d5d8",
              "parentUUID": "2f8d16e8-d882-46c0-9147-d70c5aae5c64",
              "isHook": false,
              "skipped": false
            },
            {
              "title": "Register New Member (Post)",
              "fullTitle": "API Test Register New Member (Post)",
              "timedOut": false,
              "duration": 378,
              "state": "passed",
              "speed": "slow",
              "pass": true,
              "fail": false,
              "pending": false,
              "context": null,
              "code": "const response = await fetch(`${url}/registration`, {\n    method: 'POST',\n    headers: postRequestHeader,\n    body: JSON.stringify(registrationRequestBody),\n});\nconst output = await response.json();\n//console.log('Response :', output);\nexpect(response.status).to.equal(201);\nexpect(output).to.have.property('status');\nexpect(output).to.have.property('message');\nexpect(output.data).to.have.property('name');\nexpect(output.data).to.have.property('email')",
              "err": {},
              "uuid": "9fe7fb41-3f71-4140-963f-2bf91637a722",
              "parentUUID": "2f8d16e8-d882-46c0-9147-d70c5aae5c64",
              "isHook": false,
              "skipped": false
            }
          ],
          "suites": [],
          "passes": [
            "ad417702-c086-40b0-b53d-1eaf3137b653",
            "35269116-a080-4030-b32a-5912c9c4d5d8",
            "9fe7fb41-3f71-4140-963f-2bf91637a722"
          ],
          "failures": [],
          "pending": [],
          "skipped": [],
          "duration": 585,
          "root": false,
          "rootEmpty": false,
          "_timeout": 20000
        }
      ],
      "passes": [],
      "failures": [],
      "pending": [],
      "skipped": [],
      "duration": 0,
      "root": true,
      "rootEmpty": true,
      "_timeout": 20000
    }
  ],
  "meta": {
    "mocha": {
      "version": "10.3.0"
    },
    "mochawesome": {
      "options": {
        "quiet": false,
        "reportFilename": "mochawesome",
        "saveHtml": true,
        "saveJson": true,
        "consoleReporter": "spec",
        "useInlineDiffs": false,
        "code": true
      },
      "version": "7.1.3"
    },
    "marge": {
      "options": null,
      "version": "6.2.0"
    }
  }
}